Log file open, 05/22/18 12:39:17
LogWindows: Failed to load 'aqProf.dll' (GetLastError=126)
LogWindows: File 'aqProf.dll' does not exist
LogWindows: Failed to load 'VtuneApi.dll' (GetLastError=126)
LogWindows: File 'VtuneApi.dll' does not exist
LogWindows: Failed to load 'VtuneApi32e.dll' (GetLastError=126)
LogWindows: File 'VtuneApi32e.dll' does not exist
LogInit: Display: Running engine for game: MadTrain
LogPlatformFile: Not using cached read wrapper
LogInit: Display: RandInit(946687262) SRandInit(946687262).
LogInit: Read version file with build ID '3944462'
LogInit: Overriding engine version to CL 4033788, compatible CL 3944462
LogInit: Registered custom module enumerator with build ID '3944462'
LogTaskGraph: Started task graph with 5 named threads and 23 total threads with 3 sets of task threads.
LogStats: Stats thread started at 0.411268
LogD3D11RHI: Aftermath initialized
LogICUInternationalization: Display: ICU TimeZone Detection - Raw Offset: +1:00, Platform Override: ''
LogPluginManager: Display: Disabled plugin 'Designer', continuing.
LogModuleManager: Display: Found up-to-date module file ../../../Engine/Plugins/2D/Paper2D/Binaries/Win64/UE4Editor-Paper2D.dll (API version 3944462).
LogModuleManager: Display: Found up-to-date module file ../../../Engine/Plugins/2D/Paper2D/Binaries/Win64/UE4Editor-Paper2DEditor.dll (API version 3944462).
LogModuleManager: Display: Found up-to-date module file ../../../Engine/Plugins/2D/Paper2D/Binaries/Win64/UE4Editor-PaperSpriteSheetImporter.dll (API version 3944462).
LogModuleManager: Display: Found up-to-date module file ../../../Engine/Plugins/2D/Paper2D/Binaries/Win64/UE4Editor-PaperTiledImporter.dll (API version 3944462).
LogModuleManager: Display: Found up-to-date module file ../../../Engine/Plugins/2D/Paper2D/Binaries/Win64/UE4Editor-SmartSnapping.dll (API version 3944462).
LogModuleManager: Display: Found up-to-date module file ../../../Engine/Plugins/Blendables/LightPropagationVolume/Binaries/Win64/UE4Editor-LightPropagationVolumeRuntime.dll (API version 3944462).
LogModuleManager: Display: Found up-to-date module file ../../../Engine/Plugins/Blendables/LightPropagationVolume/Binaries/Win64/UE4Editor-LightPropagationVolumeEditor.dll (API version 3944462).
LogModuleManager: Display: Found up-to-date module file ../../../Engine/Plugins/Developer/CLionSourceCodeAccess/Binaries/Win64/UE4Editor-CLionSourceCodeAccess.dll (API version 3944462).
LogModuleManager: Display: Found up-to-date module file ../../../Engine/Plugins/Developer/GitSourceControl/Binaries/Win64/UE4Editor-GitSourceControl.dll (API version 3944462).
LogModuleManager: Display: Found up-to-date module file ../../../Engine/Plugins/Developer/PerforceSourceControl/Binaries/Win64/UE4Editor-PerforceSourceControl.dll (API version 3944462).
LogModuleManager: Display: Found up-to-date module file ../../../Engine/Plugins/Developer/SubversionSourceControl/Binaries/Win64/UE4Editor-SubversionSourceControl.dll (API version 3944462).
LogModuleManager: Display: Found up-to-date module file ../../../Engine/Plugins/Developer/UObjectPlugin/Binaries/Win64/UE4Editor-UObjectPlugin.dll (API version 3944462).
LogModuleManager: Display: Found up-to-date module file ../../../Engine/Plugins/Developer/VisualStudioCodeSourceCodeAccess/Binaries/Win64/UE4Editor-VisualStudioCodeSourceCodeAccess.dll (API version 3944462).
LogModuleManager: Display: Found up-to-date module file ../../../Engine/Plugins/Developer/VisualStudioSourceCodeAccess/Binaries/Win64/UE4Editor-VisualStudioSourceCodeAccess.dll (API version 3944462).
LogModuleManager: Display: Found up-to-date module file ../../../Engine/Plugins/Editor/AssetManagerEditor/Binaries/Win64/UE4Editor-AssetManagerEditor.dll (API version 3944462).
LogModuleManager: Display: Found up-to-date module file ../../../Engine/Plugins/Editor/CryptoKeys/Binaries/Win64/UE4Editor-CryptoKeys.dll (API version 3944462).
LogModuleManager: Display: Found up-to-date module file ../../../Engine/Plugins/Editor/CryptoKeys/Binaries/Win64/UE4Editor-CryptoKeysOpenSSL.dll (API version 3944462).
LogModuleManager: Display: Found up-to-date module file ../../../Engine/Plugins/Editor/DataValidation/Binaries/Win64/UE4Editor-DataValidation.dll (API version 3944462).
LogModuleManager: Display: Found up-to-date module file ../../../Engine/Plugins/Editor/FacialAnimation/Binaries/Win64/UE4Editor-FacialAnimation.dll (API version 3944462).
LogModuleManager: Display: Found up-to-date module file ../../../Engine/Plugins/Editor/FacialAnimation/Binaries/Win64/UE4Editor-FacialAnimationEditor.dll (API version 3944462).
LogModuleManager: Display: Found up-to-date module file ../../../Engine/Plugins/Editor/GameplayTagsEditor/Binaries/Win64/UE4Editor-GameplayTagsEditor.dll (API version 3944462).
LogModuleManager: Display: Found up-to-date module file ../../../Engine/Plugins/Editor/MobileLauncherProfileWizard/Binaries/Win64/UE4Editor-MobileLauncherProfileWizard.dll (API version 3944462).
LogModuleManager: Display: Found up-to-date module file ../../../Engine/Plugins/Editor/PluginBrowser/Binaries/Win64/UE4Editor-PluginBrowser.dll (API version 3944462).
LogModuleManager: Display: Found up-to-date module file ../../../Engine/Plugins/Editor/SpeedTreeImporter/Binaries/Win64/UE4Editor-SpeedTreeImporter.dll (API version 3944462).
LogModuleManager: Display: Found up-to-date module file ../../../Engine/Plugins/Enterprise/DatasmithContent/Binaries/Win64/UE4Editor-DatasmithContent.dll (API version 3944462).
LogModuleManager: Display: Found up-to-date module file ../../../Engine/Plugins/Experimental/AlembicImporter/Binaries/Win64/UE4Editor-AlembicImporter.dll (API version 3944462).
LogModuleManager: Display: Found up-to-date module file ../../../Engine/Plugins/Experimental/AlembicImporter/Binaries/Win64/UE4Editor-AlembicLibrary.dll (API version 3944462).
LogModuleManager: Display: Found up-to-date module file ../../../Engine/Plugins/Experimental/CharacterAI/Binaries/Win64/UE4Editor-CharacterAI.dll (API version 3944462).
LogModuleManager: Display: Found up-to-date module file ../../../Engine/Plugins/Experimental/HTML5Networking/Binaries/Win64/UE4Editor-HTML5Networking.dll (API version 3944462).
LogModuleManager: Display: Found up-to-date module file ../../../Engine/Plugins/Media/AndroidMedia/Binaries/Win64/UE4Editor-AndroidMediaEditor.dll (API version 3944462).
LogModuleManager: Display: Found up-to-date module file ../../../Engine/Plugins/Media/AndroidMedia/Binaries/Win64/UE4Editor-AndroidMediaFactory.dll (API version 3944462).
LogModuleManager: Display: Found up-to-date module file ../../../Engine/Plugins/Media/AvfMedia/Binaries/Win64/UE4Editor-AvfMediaEditor.dll (API version 3944462).
LogModuleManager: Display: Found up-to-date module file ../../../Engine/Plugins/Media/AvfMedia/Binaries/Win64/UE4Editor-AvfMediaFactory.dll (API version 3944462).
LogModuleManager: Display: Found up-to-date module file ../../../Engine/Plugins/Media/AvfMedia/Binaries/Win64/UE4Editor-AvfMediaFactory.dll (API version 3944462).
LogModuleManager: Display: Found up-to-date module file ../../../Engine/Plugins/Media/ImgMedia/Binaries/Win64/UE4Editor-ImgMedia.dll (API version 3944462).
LogModuleManager: Display: Found up-to-date module file ../../../Engine/Plugins/Media/ImgMedia/Binaries/Win64/UE4Editor-ImgMediaEditor.dll (API version 3944462).
LogModuleManager: Display: Found up-to-date module file ../../../Engine/Plugins/Media/ImgMedia/Binaries/Win64/UE4Editor-ImgMediaFactory.dll (API version 3944462).
LogModuleManager: Display: Found up-to-date module file ../../../Engine/Plugins/Media/ImgMedia/Binaries/Win64/UE4Editor-ImgMediaFactory.dll (API version 3944462).
LogModuleManager: Display: Found up-to-date module file ../../../Engine/Plugins/Media/ImgMedia/Binaries/Win64/UE4Editor-OpenExrWrapper.dll (API version 3944462).
LogModuleManager: Display: Found up-to-date module file ../../../Engine/Plugins/Media/LinearTimecode/Binaries/Win64/UE4Editor-LinearTimecode.dll (API version 3944462).
LogModuleManager: Display: Found up-to-date module file ../../../Engine/Plugins/Media/MediaCompositing/Binaries/Win64/UE4Editor-MediaCompositing.dll (API version 3944462).
LogModuleManager: Display: Found up-to-date module file ../../../Engine/Plugins/Media/MediaCompositing/Binaries/Win64/UE4Editor-MediaCompositingEditor.dll (API version 3944462).
LogModuleManager: Display: Found up-to-date module file ../../../Engine/Plugins/Media/MediaPlayerEditor/Binaries/Win64/UE4Editor-MediaPlayerEditor.dll (API version 3944462).
LogModuleManager: Display: Found up-to-date module file ../../../Engine/Plugins/Media/WmfMedia/Binaries/Win64/UE4Editor-WmfMedia.dll (API version 3944462).
LogModuleManager: Display: Found up-to-date module file ../../../Engine/Plugins/Media/WmfMedia/Binaries/Win64/UE4Editor-WmfMediaEditor.dll (API version 3944462).
LogModuleManager: Display: Found up-to-date module file ../../../Engine/Plugins/Media/WmfMedia/Binaries/Win64/UE4Editor-WmfMediaFactory.dll (API version 3944462).
LogModuleManager: Display: Found up-to-date module file ../../../Engine/Plugins/Media/WmfMedia/Binaries/Win64/UE4Editor-WmfMediaFactory.dll (API version 3944462).
LogModuleManager: Display: Found up-to-date module file ../../../Engine/Plugins/Messaging/TcpMessaging/Binaries/Win64/UE4Editor-TcpMessaging.dll (API version 3944462).
LogModuleManager: Display: Found up-to-date module file ../../../Engine/Plugins/Messaging/UdpMessaging/Binaries/Win64/UE4Editor-UdpMessaging.dll (API version 3944462).
LogModuleManager: Display: Found up-to-date module file ../../../Engine/Plugins/MovieScene/ActorSequence/Binaries/Win64/UE4Editor-ActorSequence.dll (API version 3944462).
LogModuleManager: Display: Found up-to-date module file ../../../Engine/Plugins/MovieScene/LevelSequenceEditor/Binaries/Win64/UE4Editor-LevelSequenceEditor.dll (API version 3944462).
LogModuleManager: Display: Found up-to-date module file ../../../Engine/Plugins/MovieScene/MatineeToLevelSequence/Binaries/Win64/UE4Editor-MatineeToLevelSequence.dll (API version 3944462).
LogModuleManager: Display: Found up-to-date module file ../../../Engine/Plugins/NetcodeUnitTest/NetcodeUnitTest/Binaries/Win64/UE4Editor-NetcodeUnitTest.dll (API version 3944462).
LogModuleManager: Display: Found up-to-date module file ../../../Engine/Plugins/NetcodeUnitTest/NUTUnrealEngine4/Binaries/Win64/UE4Editor-NUTUnrealEngine4.dll (API version 3944462).
LogModuleManager: Display: Found up-to-date module file ../../../Engine/Plugins/Online/OnlineSubsystem/Binaries/Win64/UE4Editor-OnlineSubsystem.dll (API version 3944462).
LogModuleManager: Display: Found up-to-date module file ../../../Engine/Plugins/Runtime/AndroidPermission/Binaries/Win64/UE4Editor-AndroidPermission.dll (API version 3944462).
LogModuleManager: Display: Found up-to-date module file ../../../Engine/Plugins/Online/OnlineSubsystemNull/Binaries/Win64/UE4Editor-OnlineSubsystemNull.dll (API version 3944462).
LogModuleManager: Display: Found up-to-date module file ../../../Engine/Plugins/Online/OnlineSubsystemUtils/Binaries/Win64/UE4Editor-OnlineSubsystemUtils.dll (API version 3944462).
LogModuleManager: Display: Found up-to-date module file ../../../Engine/Plugins/Online/OnlineSubsystemUtils/Binaries/Win64/UE4Editor-OnlineBlueprintSupport.dll (API version 3944462).
LogModuleManager: Display: Found up-to-date module file ../../../Engine/Plugins/Runtime/AndroidDeviceProfileSelector/Binaries/Win64/UE4Editor-AndroidDeviceProfileSelector.dll (API version 3944462).
LogModuleManager: Display: Found up-to-date module file ../../../Engine/Plugins/Runtime/AppleARKit/Binaries/Win64/UE4Editor-AppleARKit.dll (API version 3944462).
LogModuleManager: Display: Found up-to-date module file ../../../Engine/Plugins/Runtime/ProceduralMeshComponent/Binaries/Win64/UE4Editor-ProceduralMeshComponent.dll (API version 3944462).
LogModuleManager: Display: Found up-to-date module file ../../../Engine/Plugins/Runtime/ProceduralMeshComponent/Binaries/Win64/UE4Editor-ProceduralMeshComponentEditor.dll (API version 3944462).
LogModuleManager: Display: Found up-to-date module file ../../../Engine/Plugins/Animation/LiveLink/Binaries/Win64/UE4Editor-LiveLink.dll (API version 3944462).
LogModuleManager: Display: Found up-to-date module file ../../../Engine/Plugins/Animation/LiveLink/Binaries/Win64/UE4Editor-LiveLinkEditor.dll (API version 3944462).
LogModuleManager: Display: Found up-to-date module file ../../../Engine/Plugins/Runtime/ArchVisCharacter/Binaries/Win64/UE4Editor-ArchVisCharacter.dll (API version 3944462).
LogModuleManager: Display: Found up-to-date module file ../../../Engine/Plugins/Runtime/AudioCapture/Binaries/Win64/UE4Editor-AudioCapture.dll (API version 3944462).
LogModuleManager: Display: Found up-to-date module file ../../../Engine/Plugins/Runtime/AudioCapture/Binaries/Win64/UE4Editor-AudioCaptureEditor.dll (API version 3944462).
LogModuleManager: Display: Found up-to-date module file ../../../Engine/Plugins/Runtime/CableComponent/Binaries/Win64/UE4Editor-CableComponent.dll (API version 3944462).
LogModuleManager: Display: Found up-to-date module file ../../../Engine/Plugins/Runtime/CustomMeshComponent/Binaries/Win64/UE4Editor-CustomMeshComponent.dll (API version 3944462).
LogModuleManager: Display: Found up-to-date module file ../../../Engine/Plugins/Runtime/ExampleDeviceProfileSelector/Binaries/Win64/UE4Editor-ExampleDeviceProfileSelector.dll (API version 3944462).
LogModuleManager: Display: Found up-to-date module file ../../../Engine/Plugins/Runtime/ImmediatePhysics/Binaries/Win64/UE4Editor-ImmediatePhysics.dll (API version 3944462).
LogModuleManager: Display: Found up-to-date module file ../../../Engine/Plugins/Runtime/ImmediatePhysics/Binaries/Win64/UE4Editor-ImmediatePhysicsEditor.dll (API version 3944462).
LogModuleManager: Display: Found up-to-date module file ../../../Engine/Plugins/Runtime/LocationServicesBPLibrary/Binaries/Win64/UE4Editor-LocationServicesBPLibrary.dll (API version 3944462).
LogModuleManager: Display: Found up-to-date module file ../../../Engine/Plugins/Runtime/MobilePatchingUtils/Binaries/Win64/UE4Editor-MobilePatchingUtils.dll (API version 3944462).
LogModuleManager: Display: Found up-to-date module file ../../../Engine/Plugins/Runtime/Oculus/OculusVR/Binaries/Win64/UE4Editor-OculusHMD.dll (API version 3944462).
LogModuleManager: Display: Found up-to-date module file ../../../Engine/Plugins/Runtime/Oculus/OculusVR/Binaries/Win64/UE4Editor-OculusInput.dll (API version 3944462).
LogModuleManager: Display: Found up-to-date module file ../../../Engine/Plugins/Runtime/Oculus/OculusVR/Binaries/Win64/UE4Editor-OculusEditor.dll (API version 3944462).
LogModuleManager: Display: Found up-to-date module file ../../../Engine/Plugins/Runtime/PhysXVehicles/Binaries/Win64/UE4Editor-PhysXVehicles.dll (API version 3944462).
LogModuleManager: Display: Found up-to-date module file ../../../Engine/Plugins/Runtime/PhysXVehicles/Binaries/Win64/UE4Editor-PhysXVehiclesEditor.dll (API version 3944462).
LogModuleManager: Display: Found up-to-date module file ../../../Engine/Plugins/Runtime/RuntimePhysXCooking/Binaries/Win64/UE4Editor-RuntimePhysXCooking.dll (API version 3944462).
LogModuleManager: Display: Found up-to-date module file ../../../Engine/Plugins/Runtime/Steam/SteamVR/Binaries/Win64/UE4Editor-SteamVR.dll (API version 3944462).
LogModuleManager: Display: Found up-to-date module file ../../../Engine/Plugins/Runtime/Steam/SteamVR/Binaries/Win64/UE4Editor-SteamVRController.dll (API version 3944462).
LogModuleManager: Display: Found up-to-date module file ../../../Engine/Plugins/Runtime/WindowsMoviePlayer/Binaries/Win64/UE4Editor-WindowsMoviePlayer.dll (API version 3944462).
LogPluginManager: Mounting plugin Paper2D
LogPluginManager: Mounting plugin LiveLink
LogPluginManager: Mounting plugin LightPropagationVolume
LogPluginManager: Mounting plugin CLionSourceCodeAccess
LogPluginManager: Mounting plugin CodeLiteSourceCodeAccess
LogPluginManager: Mounting plugin GitSourceControl
LogPluginManager: Mounting plugin KDevelopSourceCodeAccess
LogPluginManager: Mounting plugin NullSourceCodeAccess
LogPluginManager: Mounting plugin PerforceSourceControl
LogPluginManager: Mounting plugin SubversionSourceControl
LogPluginManager: Mounting plugin UObjectPlugin
LogPluginManager: Mounting plugin VisualStudioCodeSourceCodeAccess
LogPluginManager: Mounting plugin VisualStudioSourceCodeAccess
LogPluginManager: Mounting plugin XCodeSourceCodeAccess
LogPluginManager: Mounting plugin AssetManagerEditor
LogPluginManager: Mounting plugin CryptoKeys
LogPluginManager: Mounting plugin DataValidation
LogPluginManager: Mounting plugin FacialAnimation
LogPluginManager: Mounting plugin GameplayTagsEditor
LogPluginManager: Mounting plugin MobileLauncherProfileWizard
LogPluginManager: Mounting plugin PluginBrowser
LogPluginManager: Mounting plugin SpeedTreeImporter
LogPluginManager: Mounting plugin DatasmithContent
LogPluginManager: Mounting plugin AlembicImporter
LogPluginManager: Mounting plugin CharacterAI
LogPluginManager: Mounting plugin HTML5Networking
LogPluginManager: Mounting plugin AndroidMedia
LogPluginManager: Mounting plugin AvfMedia
LogPluginManager: Mounting plugin ImgMedia
LogPluginManager: Mounting plugin LinearTimecode
LogPluginManager: Mounting plugin MediaCompositing
LogPluginManager: Mounting plugin MediaPlayerEditor
LogPluginManager: Mounting plugin WmfMedia
LogPluginManager: Mounting plugin TcpMessaging
LogPluginManager: Mounting plugin UdpMessaging
LogPluginManager: Mounting plugin ActorSequence
LogPluginManager: Mounting plugin LevelSequenceEditor
LogPluginManager: Mounting plugin MatineeToLevelSequence
LogPluginManager: Mounting plugin NetcodeUnitTest
LogPluginManager: Mounting plugin NUTUnrealEngine4
LogPluginManager: Mounting plugin OnlineSubsystemGooglePlay
LogPluginManager: Mounting plugin OnlineSubsystemIOS
LogPluginManager: Mounting plugin OnlineSubsystem
LogPluginManager: Mounting plugin OnlineSubsystemNull
LogPluginManager: Mounting plugin OnlineSubsystemUtils
LogPluginManager: Mounting plugin AndroidDeviceProfileSelector
LogPluginManager: Mounting plugin AndroidMoviePlayer
LogPluginManager: Mounting plugin AndroidPermission
LogPluginManager: Mounting plugin AppleARKit
LogPluginManager: Mounting plugin AppleMoviePlayer
LogPluginManager: Mounting plugin ArchVisCharacter
LogPluginManager: Mounting plugin AudioCapture
LogPluginManager: Mounting plugin CableComponent
LogPluginManager: Mounting plugin CustomMeshComponent
LogPluginManager: Mounting plugin ExampleDeviceProfileSelector
LogPluginManager: Mounting plugin GoogleCloudMessaging
LogPluginManager: Mounting plugin ImmediatePhysics
LogPluginManager: Mounting plugin IOSDeviceProfileSelector
LogPluginManager: Mounting plugin LinuxDeviceProfileSelector
LogPluginManager: Mounting plugin LocationServicesBPLibrary
LogPluginManager: Mounting plugin MobilePatchingUtils
LogPluginManager: Mounting plugin OculusVR
LogPluginManager: Plugin shader directory ../../../Engine/Plugins/Runtime/Oculus/OculusVR/Shaders found
LogPluginManager: Mapping shader source directory ../../../Engine/Plugins/Runtime/Oculus/OculusVR/Shaders to virtual directory /Plugin/OculusVR
LogPluginManager: Mounting plugin PhysXVehicles
LogPluginManager: Mounting plugin ProceduralMeshComponent
LogPluginManager: Mounting plugin RuntimePhysXCooking
LogPluginManager: Mounting plugin SteamVR
LogPluginManager: Mounting plugin WindowsMoviePlayer
LogStreaming: Display: Took 60.562s to configure plugins.
LogInit: Using libcurl 7.47.1
LogInit:  - built for x86_64-pc-win32
LogInit:  - supports SSL with OpenSSL/1.0.2g
LogInit:  - supports HTTP deflate (compression) using libz 1.2.8
LogInit:  - other features:
LogInit:      CURL_VERSION_SSL
LogInit:      CURL_VERSION_LIBZ
LogInit:      CURL_VERSION_IPV6
LogInit:      CURL_VERSION_ASYNCHDNS
LogInit:      CURL_VERSION_LARGEFILE
LogInit:      CURL_VERSION_IDN
LogInit:  CurlRequestOptions (configurable via config and command line):
LogInit:  - bVerifyPeer = false  - Libcurl will NOT verify peer certificate
LogInit:  - bUseHttpProxy = false  - Libcurl will NOT use HTTP proxy
LogInit:  - bDontReuseConnections = false  - Libcurl will reuse connections
LogInit:  - CertBundlePath = nullptr  - Libcurl will use whatever was configured at build time.
LogInit:  - MaxHostConnections = 16  - Libcurl will limit the number of connections to a host
LogInit:  - LocalHostAddr = Default
LogInit: WinSock: version 1.1 (2.2), MaxSocks=32767, MaxUdp=65467
LogInit: WinSock: I am LAPTOP-T0A5PKG2 (10.38.164.25:0)
LogInit: Build: ++UE4+Release-4.19-CL-4033788
LogInit: Engine Version: 4.19.2-4033788+++UE4+Release-4.19
LogInit: Compatible Engine Version: 4.19.0-3944462+++UE4+Release-4.19
LogInit: Net CL: 3944462
LogDevObjectVersion: Number of dev versions registered: 18
LogDevObjectVersion:   Dev-Blueprints (B0D832E4-1F89-4F0D-ACCF-7EB736FD4AA2): 10
LogDevObjectVersion:   Dev-Build (E1C64328-A22C-4D53-A36C-8E866417BD8C): 0
LogDevObjectVersion:   Dev-Core (375EC13C-06E4-48FB-B500-84F0262A717E): 2
LogDevObjectVersion:   Dev-Editor (E4B068ED-F494-42E9-A231-DA0B2E46BB41): 23
LogDevObjectVersion:   Dev-Framework (CFFC743F-43B0-4480-9391-14DF171D2073): 33
LogDevObjectVersion:   Dev-Mobile (B02B49B5-BB20-44E9-A304-32B752E40360): 2
LogDevObjectVersion:   Dev-Networking (A4E4105C-59A1-49B5-A7C5-40C4547EDFEE): 0
LogDevObjectVersion:   Dev-Online (39C831C9-5AE6-47DC-9A44-9C173E1C8E7C): 0
LogDevObjectVersion:   Dev-Physics (78F01B33-EBEA-4F98-B9B4-84EACCB95AA2): 0
LogDevObjectVersion:   Dev-Platform (6631380F-2D4D-43E0-8009-CF276956A95A): 0
LogDevObjectVersion:   Dev-Rendering (12F88B9F-8875-4AFC-A67C-D90C383ABD29): 25
LogDevObjectVersion:   Dev-Sequencer (7B5AE74C-D270-4C10-A958-57980B212A5A): 6
LogDevObjectVersion:   Dev-VR (D7296918-1DD6-4BDD-9DE2-64A83CC13884): 1
LogDevObjectVersion:   Dev-LoadTimes (C2A15278-BFE7-4AFE-6C17-90FF531DF755): 1
LogDevObjectVersion:   Private-Geometry (6EACA3D4-40EC-4CC1-B786-8BED09428FC5): 2
LogDevObjectVersion:   Dev-AnimPhys (29E575DD-E0A3-4627-9D10-D276232CDCEA): 16
LogDevObjectVersion:   Dev-ReflectionCapture (6B266CEC-1EC7-4B8F-A30B-E4D90942FC07): 1
LogDevObjectVersion:   Dev-Automation (0DF73D61-A23F-47EA-B727-89E90C41499A): 1
LogInit: Compiled (64-bit): Apr 27 2018 02:06:57
LogInit: Compiled with Visual C++: 19.00.24215.01
LogInit: Build Configuration: Development
LogInit: Branch Name: ++UE4+Release-4.19
LogInit: Command Line: -EpicPortal 
LogInit: Base Directory: C:/Program Files/Epic Games/UE_4.19/Engine/Binaries/Win64/
LogInit: Installed Engine Build: 1
LogStreaming: Display: Took  0.001s to delete old logs.
LogInit: Presizing for max 8388607 objects, including 0 objects not considered by GC, pre-allocating 0 bytes for permanent pool.
LogInit: Object subsystem initialized
[2018.05.22-10.39.20:319][  0]LogInit: Selected Device Profile: [Windows]
[2018.05.22-10.39.20:319][  0]LogInit: Applying CVar settings loaded from the selected device profile: [Windows]
[2018.05.22-10.39.20:345][  0]LogInit: Computer: LAPTOP-T0A5PKG2
[2018.05.22-10.39.20:345][  0]LogInit: User: LAMThierry
[2018.05.22-10.39.20:345][  0]LogInit: CPU Page size=4096, Cores=4
[2018.05.22-10.39.20:345][  0]LogInit: High frequency timer resolution =2.742188 MHz
[2018.05.22-10.39.20:346][  0]LogMemory: Memory total: Physical=15.9GB (16GB approx)
[2018.05.22-10.39.20:346][  0]LogMemory: Platform Memory Stats for Windows
[2018.05.22-10.39.20:346][  0]LogMemory: Process Physical Memory: 281.18 MB used, 281.18 MB peak
[2018.05.22-10.39.20:346][  0]LogMemory: Process Virtual Memory: 265.09 MB used, 265.09 MB peak
[2018.05.22-10.39.20:346][  0]LogMemory: Physical Memory: 6339.78 MB used,  9927.82 MB free, 16267.60 MB total
[2018.05.22-10.39.20:346][  0]LogMemory: Virtual Memory: 741.02 MB used,  9927.82 MB free, 134217728.00 MB total
[2018.05.22-10.39.21:489][  0]LogInit: Using OS detected language (fr-FR).
[2018.05.22-10.39.21:489][  0]LogInit: Using OS detected locale (fr-FR).
[2018.05.22-10.39.21:497][  0]LogTextLocalizationManager: No localization for 'fr-FR' exists, so 'en' will be used for the language.
[2018.05.22-10.39.22:400][  0]LogStreaming: Display: Took  0.912s to EndInitTextLocalization.
[2018.05.22-10.39.22:401][  0]LogInit: Setting process to per monitor DPI aware
[2018.05.22-10.39.22:450][  0]LogSlate: New Slate User Created.  User Index 0, Is Virtual User: 0
[2018.05.22-10.39.22:450][  0]LogSlate: Slate User Registered.  User Index 0, Is Virtual User: 0
[2018.05.22-10.39.22:922][  0]LogD3D11RHI: D3D11 adapters:
[2018.05.22-10.39.23:038][  0]LogD3D11RHI:    0. 'NVIDIA GeForce GTX 1060' (Feature Level 11_0)
[2018.05.22-10.39.23:038][  0]LogD3D11RHI:       6061/0/8133 MB DedicatedVideo/DedicatedSystem/SharedSystem, Outputs:1, VendorId:0x10de
[2018.05.22-10.39.23:060][  0]LogD3D11RHI:    1. 'Intel(R) HD Graphics 630' (Feature Level 11_0)
[2018.05.22-10.39.23:060][  0]LogD3D11RHI:       128/0/8133 MB DedicatedVideo/DedicatedSystem/SharedSystem, Outputs:0, VendorId:0x8086
[2018.05.22-10.39.23:065][  0]LogD3D11RHI:    2. 'Microsoft Basic Render Driver' (Feature Level 11_0)
[2018.05.22-10.39.23:065][  0]LogD3D11RHI:       0/0/8133 MB DedicatedVideo/DedicatedSystem/SharedSystem, Outputs:0, VendorId:0x1414
[2018.05.22-10.39.23:065][  0]LogD3D11RHI: Chosen D3D11 Adapter: 0
[2018.05.22-10.39.23:079][  0]LogD3D11RHI: Creating new Direct3DDevice
[2018.05.22-10.39.23:080][  0]LogD3D11RHI:     GPU DeviceId: 0x1c20 (for the marketing name, search the web for "GPU Device Id")
[2018.05.22-10.39.23:080][  0]LogWindows: EnumDisplayDevices:
[2018.05.22-10.39.23:080][  0]LogWindows:    0. 'Intel(R) HD Graphics 630' (P:1 D:1)
[2018.05.22-10.39.23:080][  0]LogWindows:    1. 'Intel(R) HD Graphics 630' (P:0 D:0)
[2018.05.22-10.39.23:080][  0]LogWindows:    2. 'Intel(R) HD Graphics 630' (P:0 D:0)
[2018.05.22-10.39.23:081][  0]LogWindows:    3. 'NVIDIA GeForce GTX 1060' (P:0 D:0)
[2018.05.22-10.39.23:081][  0]LogWindows:    4. 'NVIDIA GeForce GTX 1060' (P:0 D:0)
[2018.05.22-10.39.23:081][  0]LogWindows:    5. 'NVIDIA GeForce GTX 1060' (P:0 D:0)
[2018.05.22-10.39.23:081][  0]LogWindows:    6. 'NVIDIA GeForce GTX 1060' (P:0 D:0)
[2018.05.22-10.39.23:082][  0]LogWindows: DebugString: GetVideoDriverDetailsInvalid PrimaryIsNotTheChoosenAdapter GetVideoDriverDetailsInvalid PrimaryIsNotTheChoosenAdapter GetVideoDriverDetailsInvalid PrimaryIsNotTheChoosenAdapter GetVideoDriverDetailsInvalid PrimaryIsNotTheChoosenAdapter GetVideoDriverDetailsInvalid PrimaryIsNotTheChoosenAdapter GetVideoDriverDetailsInvalid PrimaryIsNotTheChoosenAdapter GetVideoDriverDetailsInvalid PrimaryIsNotTheChoosenAdapter FoundDriverCount:0 
[2018.05.22-10.39.23:082][  0]LogD3D11RHI:     Adapter Name: NVIDIA GeForce GTX 1060
[2018.05.22-10.39.23:082][  0]LogD3D11RHI:   Driver Version: Unknown (internal:Unknown, unified:Unknown)
[2018.05.22-10.39.23:082][  0]LogD3D11RHI:      Driver Date: Unknown
[2018.05.22-10.39.23:082][  0]LogRHI: Texture pool is 4242 MB (70% of 6061 MB)
[2018.05.22-10.39.23:145][  0]LogD3D11RHI: [Aftermath] Aftermath enabled but failed to initialize
[2018.05.22-10.39.23:145][  0]LogD3D11RHI: [Aftermath] Aftermath enabled and primed
[2018.05.22-10.39.23:145][  0]LogD3D11RHI: Async texture creation enabled
[2018.05.22-10.39.23:164][  0]LogD3D11RHI: GPU Timing Frequency: 1000.000000 (Debug: 2 1)
[2018.05.22-10.39.23:167][  0]LogShaderCompilers: Guid format shader working directory is -18 characters bigger than the processId version (../../../../../../Users/LAM Thierry/Documents/GitHub/MadTrain/MadTrain/Intermediate/Shaders/WorkingDirectory/8548/).
[2018.05.22-10.39.23:167][  0]LogShaderCompilers: Cleaned the shader compiler working directory 'C:/Users/LAM Thierry/AppData/Local/Temp/UnrealShaderWorkingDir/687002C147C18B10EE6D84B1783FC851/'.
[2018.05.22-10.39.23:654][  0]LogTemp: Display: Loaded TP AllDesktopTargetPlatform
[2018.05.22-10.39.23:682][  0]LogTemp: Display: Loaded TP MacClientTargetPlatform
[2018.05.22-10.39.23:715][  0]LogTemp: Display: Loaded TP MacNoEditorTargetPlatform
[2018.05.22-10.39.23:748][  0]LogTemp: Display: Loaded TP MacServerTargetPlatform
[2018.05.22-10.39.23:778][  0]LogTemp: Display: Loaded TP MacTargetPlatform
[2018.05.22-10.39.23:812][  0]LogTemp: Display: Loaded TP WindowsClientTargetPlatform
[2018.05.22-10.39.23:842][  0]LogTemp: Display: Loaded TP WindowsNoEditorTargetPlatform
[2018.05.22-10.39.23:872][  0]LogTemp: Display: Loaded TP WindowsServerTargetPlatform
[2018.05.22-10.39.23:889][  0]LogTemp: Display: Loaded TP WindowsTargetPlatform
[2018.05.22-10.39.23:917][  0]LogTemp: Display: Loaded TP Android_ASTCTargetPlatform
[2018.05.22-10.39.23:942][  0]LogTemp: Display: Loaded TP Android_ATCTargetPlatform
[2018.05.22-10.39.23:975][  0]LogTemp: Display: Loaded TP Android_DXTTargetPlatform
[2018.05.22-10.39.24:003][  0]LogTemp: Display: Loaded TP Android_ETC1aTargetPlatform
[2018.05.22-10.39.24:031][  0]LogTemp: Display: Loaded TP Android_ETC1TargetPlatform
[2018.05.22-10.39.24:059][  0]LogTemp: Display: Loaded TP Android_ETC2TargetPlatform
[2018.05.22-10.39.24:119][  0]LogTemp: Display: Loaded TP Android_MultiTargetPlatform
[2018.05.22-10.39.24:119][  0]LogTemp: Display: Loaded TP Android_PVRTCTargetPlatform
[2018.05.22-10.39.24:150][  0]LogTemp: Display: Loaded TP AndroidTargetPlatform
[2018.05.22-10.39.24:153][  0]LogTemp: Display: Loaded TP HTML5TargetPlatform
[2018.05.22-10.39.24:210][  0]LogTemp: Display: Loaded TP IOSTargetPlatform
[2018.05.22-10.39.24:234][  0]LogTemp: Display: Loaded TP TVOSTargetPlatform
[2018.05.22-10.39.24:260][  0]LogTemp: Display: Loaded TP LinuxClientTargetPlatform
[2018.05.22-10.39.24:291][  0]LogTemp: Display: Loaded TP LinuxNoEditorTargetPlatform
[2018.05.22-10.39.24:323][  0]LogTemp: Display: Loaded TP LinuxServerTargetPlatform
[2018.05.22-10.39.24:351][  0]LogTemp: Display: Loaded TP LinuxTargetPlatform
[2018.05.22-10.39.24:352][  0]LogTargetPlatformManager: Display: Building Assets For Windows
[2018.05.22-10.39.24:607][  0]LogXGEController: Cannot use XGE Controller as Incredibuild is not installed on this machine.
[2018.05.22-10.39.24:607][  0]LogShaderCompilers: Cannot use XGE Shader Compiler as Incredibuild is not installed on this machine.
[2018.05.22-10.39.24:607][  0]LogShaderCompilers: Display: Using Local Shader Compiler.
[2018.05.22-10.39.26:178][  0]LogDerivedDataCache: Display: Max Cache Size: 512 MB
[2018.05.22-10.39.26:324][  0]LogDerivedDataCache: Loaded boot cache 0.15s 79MB C:/Users/LAM Thierry/AppData/Local/UnrealEngine/4.19/DerivedDataCache/Boot.ddc.
[2018.05.22-10.39.26:324][  0]LogDerivedDataCache: Display: Loaded Boot cache: C:/Users/LAM Thierry/AppData/Local/UnrealEngine/4.19/DerivedDataCache/Boot.ddc
[2018.05.22-10.39.26:324][  0]LogDerivedDataCache: FDerivedDataBackendGraph:  Pak pak cache file ../../../../../../Users/LAM Thierry/Documents/GitHub/MadTrain/MadTrain/DerivedDataCache/DDC.ddp not found, will not use a pak cache.
[2018.05.22-10.39.26:324][  0]LogDerivedDataCache: Unable to find inner node Pak for hierarchical cache Hierarchy.
[2018.05.22-10.39.26:324][  0]LogDerivedDataCache: FDerivedDataBackendGraph:  CompressedPak pak cache file ../../../../../../Users/LAM Thierry/Documents/GitHub/MadTrain/MadTrain/DerivedDataCache/Compressed.ddp not found, will not use a pak cache.
[2018.05.22-10.39.26:324][  0]LogDerivedDataCache: Unable to find inner node CompressedPak for hierarchical cache Hierarchy.
[2018.05.22-10.39.26:361][  0]LogDerivedDataCache: Display: Pak cache opened for reading ../../../Engine/DerivedDataCache/Compressed.ddp.
[2018.05.22-10.39.26:374][  0]LogDerivedDataCache: Using Local data cache path C:/Users/LAM Thierry/AppData/Local/UnrealEngine/Common/DerivedDataCache: Writable
[2018.05.22-10.39.26:374][  0]LogDerivedDataCache: Shared data cache path not found in *engine.ini, will not use an Shared cache.
[2018.05.22-10.39.26:374][  0]LogDerivedDataCache: Unable to find inner node Shared for hierarchical cache Hierarchy.
[2018.05.22-10.39.26:400][  0]LogMaterial: Verifying Global Shaders for PCD3D_SM5
[2018.05.22-10.39.26:401][  0]LogSlate: Using Freetype 2.6.0
[2018.05.22-10.39.26:402][  0]LogSlate: SlateFontCache - WITH_FREETYPE: 1, WITH_HARFBUZZ: 1
[2018.05.22-10.39.26:402][  0]LogSlate: SlateFontCache - WITH_FREETYPE: 1, WITH_HARFBUZZ: 1
[2018.05.22-10.39.26:645][  0]LogAssetRegistry: FAssetRegistry took 0.0317 seconds to start up
[2018.05.22-10.39.27:371][  0]LogInit: Selected Device Profile: [Windows]
[2018.05.22-10.39.27:696][  0]LogSimplygon: Simplygon DLL not present - disabling.
[2018.05.22-10.39.27:702][  0]LogMeshReduction: Using SimplygonSwarm for distributed automatic mesh merging
[2018.05.22-10.39.27:702][  0]LogMeshReduction: Using QuadricMeshReduction for automatic static mesh reduction
[2018.05.22-10.39.27:702][  0]LogMeshReduction: No automatic skeletal mesh reduction module available
[2018.05.22-10.39.27:702][  0]LogMeshReduction: No automatic mesh merging module available
[2018.05.22-10.39.27:703][  0]LogMeshMerging: No automatic mesh merging module available
[2018.05.22-10.39.27:769][  0]LogNetVersion: MadTrain , NetCL: 3944462, EngineNetVer: 2, GameNetVer: 0 (Checksum: 1735386904)
[2018.05.22-10.39.28:696][  0]LogPackageLocalizationCache: Processed 9 localized package path(s) for 1 prioritized culture(s) in 0.089276 seconds
[2018.05.22-10.39.28:708][  0]LogUObjectArray: 36728 objects as part of root set at end of initial load.
[2018.05.22-10.39.28:708][  0]LogUObjectAllocator: 7314304 out of 0 bytes used by permanent object pool.
[2018.05.22-10.39.28:708][  0]LogUObjectArray: CloseDisregardForGC: 0/0 objects in disregard for GC pool
[2018.05.22-10.39.30:391][  0]LogMaterial: Missing cached shader map for material ArrowMaterial, compiling. 
[2018.05.22-10.39.32:032][  0]LogShaderCompilers: Display: Shaders left to compile 31
[2018.05.22-10.39.32:032][  0]LogShaderCompilers: Display: Shaders left to compile 21
[2018.05.22-10.39.32:032][  0]LogShaderCompilers: Display: Shaders left to compile 11
[2018.05.22-10.39.32:032][  0]LogShaderCompilers: Display: Shaders left to compile 1
[2018.05.22-10.39.32:806][  0]LogMaterial: Missing cached shader map for material SubsurfaceColor, compiling. 
[2018.05.22-10.39.32:842][  0]LogShaderCompilers: Display: Shaders left to compile 10
[2018.05.22-10.39.32:842][  0]LogMaterial: Missing cached shader map for material WorldNormal, compiling. 
[2018.05.22-10.39.32:866][  0]LogShaderCompilers: Display: Shaders left to compile 10
[2018.05.22-10.39.32:866][  0]LogMaterial: Missing cached shader map for material AmbientOcclusion, compiling. 
[2018.05.22-10.39.32:903][  0]LogMaterial: Missing cached shader map for material CustomDepthWorldUnits, compiling. 
[2018.05.22-10.39.32:929][  0]LogMaterial: Missing cached shader map for material SceneDepthWorldUnits, compiling. 
[2018.05.22-10.39.32:955][  0]LogMaterial: Missing cached shader map for material PreTonemapHDRColor, compiling. 
[2018.05.22-10.39.32:985][  0]LogMaterial: Missing cached shader map for material PostTonemapHDRColor, compiling. 
[2018.05.22-10.39.33:409][  0]LogTcpMessaging: Initializing TcpMessaging bridge
[2018.05.22-10.39.33:483][  0]LogUdpMessaging: Initializing bridge on interface 0.0.0.0:0 to multicast group 230.0.0.1:6666.
[2018.05.22-10.39.33:938][  0]LogMaterial: Missing cached shader map for material DefaultMaterial, compiling. 
[2018.05.22-10.39.34:601][  0]SourceControl: Source control is disabled
[2018.05.22-10.39.34:601][  0]SourceControl: Source control is disabled
[2018.05.22-10.39.34:650][  0]SourceControl: Source control is disabled
[2018.05.22-10.39.34:698][  0]SourceControl: Source control is disabled
[2018.05.22-10.39.35:804][  0]LogAndroidPermission: UAndroidPermissionCallbackProxy::GetInstance
[2018.05.22-10.39.36:109][  0]LogOcInput: OculusInput pre-init called
[2018.05.22-10.39.36:280][  0]LogMaterial: Missing cached shader map for material HighResScreenshot, compiling. 
[2018.05.22-10.39.36:305][  0]LogMaterial: Missing cached shader map for material HighResScreenshotMask, compiling. 
[2018.05.22-10.39.36:332][  0]LogMaterial: Missing cached shader map for material HighResScreenshotCaptureRegion, compiling. 
[2018.05.22-10.39.36:376][  0]LogShaderCompilers: Display: Shaders left to compile 216
[2018.05.22-10.39.36:377][  0]LogEngine: Initializing Engine...
[2018.05.22-10.39.36:379][  0]LogHMD: Failed to initialize OpenVR with code 110
[2018.05.22-10.39.36:382][  0]LogStats: UGameplayTagsManager::ConstructGameplayTagTree: Construct from data asset -  0.000 s
[2018.05.22-10.39.36:382][  0]LogStats: UGameplayTagsManager::ConstructGameplayTagTree: GameplayTagTreeChangedEvent.Broadcast -  0.000 s
[2018.05.22-10.39.36:392][  0]LogMaterial: Missing cached shader map for material WireframeMaterial, compiling. Is special engine material.
[2018.05.22-10.39.36:572][  0]LogMaterial: Missing cached shader map for material LevelColorationLitMaterial, compiling. Is special engine material.
[2018.05.22-10.39.36:937][  0]LogShaderCompilers: Display: Shaders left to compile 441
[2018.05.22-10.39.36:938][  0]LogMaterial: Missing cached shader map for material LevelColorationUnlitMaterial, compiling. Is special engine material.
[2018.05.22-10.39.37:044][  0]LogMaterial: Missing cached shader map for material MAT_LevelColorationLitLightmapUV, compiling. Is special engine material.
[2018.05.22-10.39.37:359][  0]LogMaterial: Missing cached shader map for material ShadedLevelColorationLitMaterial, compiling. Is special engine material.
[2018.05.22-10.39.37:664][  0]LogMaterial: Missing cached shader map for material ShadedLevelColorationUnlitMateri, compiling. Is special engine material.
[2018.05.22-10.39.37:762][  0]LogMaterial: Missing cached shader map for material VertexColorMaterial, compiling. 
[2018.05.22-10.39.37:823][  0]LogMaterial: Missing cached shader map for material VertexColorViewMode_ColorOnly, compiling. 
[2018.05.22-10.39.37:844][  0]LogMaterial: Missing cached shader map for material VertexColorViewMode_AlphaAsColor, compiling. 
[2018.05.22-10.39.37:864][  0]LogMaterial: Missing cached shader map for material VertexColorViewMode_RedOnly, compiling. 
[2018.05.22-10.39.37:881][  0]LogMaterial: Missing cached shader map for material VertexColorViewMode_GreenOnly, compiling. 
[2018.05.22-10.39.37:895][  0]LogMaterial: Missing cached shader map for material VertexColorViewMode_BlueOnly, compiling. 
[2018.05.22-10.39.37:912][  0]LogMaterial: Missing cached shader map for material RemoveSurfaceMaterial, compiling. 
[2018.05.22-10.39.37:929][  0]LogMaterial: Missing cached shader map for material DebugMeshMaterial, compiling. 
[2018.05.22-10.39.37:953][  0]LogMaterial: Missing cached shader map for material M_InvalidLightmapSettings, compiling. 
[2018.05.22-10.39.37:984][  0]LogMaterial: Missing cached shader map for material GizmoMaterial, compiling. 
[2018.05.22-10.39.38:010][  0]LogMaterial: Missing cached shader map for material PhAT_JointLimitMaterial, compiling. 
[2018.05.22-10.39.38:038][  0]LogMaterial: Missing cached shader map for material GeomMaterial, compiling. 
[2018.05.22-10.39.38:057][  0]LogMaterial: Missing cached shader map for material EditorBrushMaterial, compiling. 
[2018.05.22-10.39.38:081][  0]LogMaterial: Missing cached shader map for material BoneWeightMaterial, compiling. 
[2018.05.22-10.39.38:146][  0]LogMaterial: Missing cached shader map for material ClothMaterial, compiling. 
[2018.05.22-10.39.38:164][  0]LogMaterial: Missing cached shader map for material ClothMaterial_WF, compiling. 
[2018.05.22-10.39.38:186][  0]LogMaterial: Missing cached shader map for material DebugEditorMaterial, compiling. 
[2018.05.22-10.39.38:206][  0]LogMaterial: Missing cached shader map for material PreviewShadowIndicatorMaterial, compiling. 
[2018.05.22-10.39.38:551][  0]LogAIModule: Creating AISystem for world Untitled
[2018.05.22-10.39.38:560][  0]LogInit: XAudio2 using 'Haut-parleurs (Realtek High Definition Audio(SST))' : 2 channels at 48 kHz using 32 bits per sample (channel mask 0x3)
[2018.05.22-10.39.39:159][  0]LogShaderCompilers: Display: Shaders left to compile 3468
[2018.05.22-10.39.39:159][  0]LogInit: FAudioDevice initialized.
[2018.05.22-10.39.39:294][  0]LogDerivedDataCache: Saved boot cache 0.13s 80MB C:/Users/LAM Thierry/AppData/Local/UnrealEngine/4.19/DerivedDataCache/Boot.ddc.
[2018.05.22-10.39.39:332][  0]LogInit: Texture streaming: Enabled
[2018.05.22-10.39.39:370][  0]LogEngineSessionManager: EngineSessionManager initialized
[2018.05.22-10.39.39:402][  0]LogInit: Transaction tracking system initialized
[2018.05.22-10.39.39:458][  0]BlueprintLog: New page: Editor Load
[2018.05.22-10.39.39:629][  0]LocalizationService: Localization service is disabled
[2018.05.22-10.39.39:819][  0]LogConsoleResponse: Display: 
[2018.05.22-10.39.39:841][  0]LogMaterial: Missing cached shader map for material Cross_Mat, compiling. 
[2018.05.22-10.39.39:862][  0]LogMaterial: Missing cached shader map for material PhAT_BoneSelectedMaterial, compiling. 
[2018.05.22-10.39.39:882][  0]LogMaterial: Missing cached shader map for material PhAT_ElemSelectedMaterial, compiling. 
[2018.05.22-10.39.39:901][  0]LogMaterial: Missing cached shader map for material PhAT_NoCollisionMaterial, compiling. 
[2018.05.22-10.39.39:921][  0]LogMaterial: Missing cached shader map for material PhAT_UnselectedMaterial, compiling. 
[2018.05.22-10.39.39:949][  0]LogMaterial: Missing cached shader map for material Tick_Mat, compiling. 
[2018.05.22-10.39.39:982][  0]LogMaterial: Missing cached shader map for material WidgetGridVertexColorMaterial_Ma, compiling. 
[2018.05.22-10.39.39:999][  0]LogMaterial: Missing cached shader map for material WidgetMaterial, compiling. 
[2018.05.22-10.39.40:014][  0]LogMaterial: Missing cached shader map for material WidgetMaterial_Current, compiling. 
[2018.05.22-10.39.40:029][  0]LogMaterial: Missing cached shader map for material WidgetMaterial_X, compiling. 
[2018.05.22-10.39.40:046][  0]LogMaterial: Missing cached shader map for material WidgetMaterial_Y, compiling. 
[2018.05.22-10.39.40:063][  0]LogMaterial: Missing cached shader map for material WidgetMaterial_Z, compiling. 
[2018.05.22-10.39.40:079][  0]LogMaterial: Missing cached shader map for material WidgetVertexColorMaterial, compiling. 
[2018.05.22-10.39.40:163][  0]LogMaterial: Missing cached shader map for material LevelGridMaterial, compiling. 
[2018.05.22-10.39.40:241][  0]LogMaterial: Missing cached shader map for material BlinkingCaret, compiling. 
[2018.05.22-10.39.40:308][  0]LogMaterial: Missing cached shader map for material M_StreamingPause, compiling. 
[2018.05.22-10.39.40:354][  0]LogCook: Display: Max memory allowance for cook 16384mb min free memory 0mb
[2018.05.22-10.39.40:355][  0]LogCook: Display: Mobile HDR setting 1
[2018.05.22-10.39.40:355][  0]LogGameplayTags: Display: UGameplayTagsManager::DoneAddingNativeTags. DelegateIsBound: 0
[2018.05.22-10.39.40:355][  0]LogStats: UGameplayTagsManager::ConstructGameplayTagTree: Construct from data asset -  0.000 s
[2018.05.22-10.39.40:355][  0]LogStats: UGameplayTagsManager::ConstructGameplayTagTree: GameplayTagTreeChangedEvent.Broadcast -  0.000 s
[2018.05.22-10.39.40:649][  0]LogFileCache: Scanning file cache for directory 'C:/Users/LAM Thierry/Documents/GitHub/MadTrain/MadTrain/Content/' took 0.02s
[2018.05.22-10.39.40:649][  0]LogShaderCompilers: Display: Shaders left to compile 3648
[2018.05.22-10.39.41:083][  0]SourceControl: Source control is disabled
[2018.05.22-10.39.41:083][  0]Cmd: MAP LOAD FILE="../../../../../../Users/LAM Thierry/Documents/GitHub/MadTrain/MadTrain/Content/VirtualRealityBP/Maps/StartupMap.umap" TEMPLATE=0 SHOWPROGRESS=1 FEATURELEVEL=3
[2018.05.22-10.39.41:084][  0]LightingResults: New page: Lighting Build
[2018.05.22-10.39.41:090][  0]MapCheck: New page: Map Check
[2018.05.22-10.39.41:090][  0]LightingResults: New page: Lighting Build
[2018.05.22-10.39.41:122][  0]LogLinker: Warning: Can't find file '/Game/VirtualRealityBP/Maps/StartupMap_BuiltData'
[2018.05.22-10.39.41:122][  0]LogLinker: Warning: Can't find file for asset '/Game/VirtualRealityBP/Maps/StartupMap_BuiltData' while loading ../../../../../../Users/LAM Thierry/Documents/GitHub/MadTrain/MadTrain/Content/VirtualRealityBP/Maps/StartupMap.umap.
[2018.05.22-10.39.41:122][  0]LoadErrors: Error: /Game/VirtualRealityBP/Maps/StartupMap : Can't find file for asset. /Game/VirtualRealityBP/Maps/StartupMap_BuiltData
[2018.05.22-10.39.41:217][  0]LogLinker: Warning: Can't find file '/Game/VirtualRealityBP/Maps/StartupMap_BuiltData'
[2018.05.22-10.39.41:217][  0]LogLinker: Warning: Can't find file for asset '/Game/VirtualRealityBP/Maps/StartupMap_BuiltData' while loading ../../../../../../Users/LAM Thierry/Documents/GitHub/MadTrain/MadTrain/Content/VirtualRealityBP/Maps/StartupMap.umap.
[2018.05.22-10.39.41:217][  0]LoadErrors: Error: /Game/VirtualRealityBP/Maps/StartupMap : Can't find file for asset. /Game/VirtualRealityBP/Maps/StartupMap_BuiltData
[2018.05.22-10.39.41:242][  0]LogLinker: Warning: Can't find file '/Game/VirtualRealityBP/Maps/StartupMap_BuiltData'
[2018.05.22-10.39.41:243][  0]LoadErrors: Failed to load /Game/VirtualRealityBP/Maps/StartupMap_BuiltData.StartupMap_BuiltData Referenced by PersistentLevel
[2018.05.22-10.39.41:243][  0]LogLinker: Warning: Can't find file for asset '/Game/VirtualRealityBP/Maps/StartupMap_BuiltData' while loading NULL.
[2018.05.22-10.39.41:243][  0]LoadErrors: Failed to load /Game/VirtualRealityBP/Maps/StartupMap_BuiltData.StartupMap_BuiltData Referenced by PersistentLevel
[2018.05.22-10.39.41:323][  0]LogSkeletalMesh: Skeletal Mesh found in DDC [2.887110ms] /Game/VirtualReality/Mannequin/Character/Mesh/MannequinHand_Right.MannequinHand_Right
[2018.05.22-10.39.41:327][  0]LogAIModule: Creating AISystem for world StartupMap
[2018.05.22-10.39.41:359][  0]LogEditorServer: Finished looking for orphan Actors (0.000 secs)
[2018.05.22-10.39.41:379][  0]Cmd: MAP CHECKDEP NOCLEARLOG
[2018.05.22-10.39.41:481][  0]MapCheck: Map check complete: 0 Error(s), 0 Warning(s), took 101,164ms to complete.
[2018.05.22-10.39.41:481][  0]LogFileHelpers: Loading map 'StartupMap' took 0.398
[2018.05.22-10.39.41:547][  0]LogWindowsTextInputMethodSystem: Display: IME system now deactivated.
[2018.05.22-10.39.41:693][  0]LogCollectionManager: Loaded 0 collections in 0.003602 seconds
[2018.05.22-10.39.41:745][  0]LogFileCache: Scanning file cache for directory 'C:/Users/LAM Thierry/Documents/GitHub/MadTrain/MadTrain/Saved/Collections/' took 0.01s
[2018.05.22-10.39.41:745][  0]LogFileCache: Scanning file cache for directory 'C:/Users/LAM Thierry/Documents/GitHub/MadTrain/MadTrain/Content/Developers/LAMThierry/Collections/' took 0.01s
[2018.05.22-10.39.41:745][  0]LogFileCache: Scanning file cache for directory 'C:/Users/LAM Thierry/Documents/GitHub/MadTrain/MadTrain/Content/Collections/' took 0.01s
[2018.05.22-10.39.41:745][  0]LogCollectionManager: Rebuilt the GUID cache for 0 collections in 0.000001 seconds
[2018.05.22-10.39.41:764][  0]LogContentBrowser: Native class hierarchy populated in 0.0191 seconds. Added 2452 classes and 558 folders.
[2018.05.22-10.39.41:780][  0]LogContentBrowser: Native class hierarchy updated for 'WidgetCarousel' in 0.0005 seconds. Added 0 classes and 0 folders.
[2018.05.22-10.39.41:873][  0]LogContentBrowser: Native class hierarchy updated for 'AddContentDialog' in 0.0005 seconds. Added 0 classes and 0 folders.
[2018.05.22-10.39.41:885][  0]LogContentBrowser: Native class hierarchy updated for 'SceneOutliner' in 0.0005 seconds. Added 1 classes and 2 folders.
[2018.05.22-10.39.41:921][  0]LogSlate: Took 0.000328 seconds to synchronously load lazily loaded font '../../../Engine/Content/Slate/Fonts/Roboto-Regular.ttf' (155K)
[2018.05.22-10.39.41:925][  0]LogSlate: Took 0.000410 seconds to synchronously load lazily loaded font '../../../Engine/Content/Slate/Fonts/Roboto-Bold.ttf' (160K)
[2018.05.22-10.39.41:941][  0]LogSlate: Took 0.000416 seconds to synchronously load lazily loaded font '../../../Engine/Content/Editor/Slate/Fonts/FontAwesome.ttf' (139K)
[2018.05.22-10.39.42:054][  0]LogShaderCompilers: Display: Shaders left to compile 3638
[2018.05.22-10.39.42:054][  0]LogMaterial: Missing cached shader map for material LevelGridMaterial2, compiling. 
[2018.05.22-10.39.42:177][  0]LogRenderer: Reallocating scene render targets to support 1208x576 Format 26 NumSamples 1 (Frame:1).
[2018.05.22-10.39.42:494][  0]LogSlate: FSceneViewport::OnFocusLost() reason 2
[2018.05.22-10.39.42:542][  0]LogSlate: Window 'Tutorials' being destroyed
[2018.05.22-10.39.42:593][  0]LogContentBrowser: Native class hierarchy updated for 'HierarchicalLODOutliner' in 0.0006 seconds. Added 0 classes and 0 folders.
[2018.05.22-10.39.42:594][  0]LogLoad: (Engine Initialization) Total time: 85.64 seconds
[2018.05.22-10.39.42:594][  0]LogLoad: (Engine Initialization) Total Blueprint compile time: 0.00 seconds
[2018.05.22-10.39.42:637][  0]LogContentStreaming: Texture pool size now 1000 MB
[2018.05.22-10.39.42:643][  0]LogSlate: FSceneViewport::OnFocusLost() reason 2
[2018.05.22-10.39.42:727][  0]LogSlate: Took 0.000373 seconds to synchronously load lazily loaded font '../../../Engine/Content/Slate/Fonts/Roboto-Light.ttf' (167K)
[2018.05.22-10.39.43:005][  3]LogAssetRegistry: Asset discovery search completed in 16.3824 seconds
[2018.05.22-10.39.43:011][  3]LogCollectionManager: Rebuilt the object cache for 0 collections in 0.000002 seconds (found 0 objects)
[2018.05.22-10.39.43:011][  3]LogCollectionManager: Fixed up redirectors for 0 collections in 0.000470 seconds (updated 0 objects)
[2018.05.22-10.39.43:266][ 11]LogShaderCompilers: Display: Shaders left to compile 3644
[2018.05.22-10.39.46:525][136]LogShaderCompilers: Display: Shaders left to compile 3634
[2018.05.22-10.39.47:738][190]LogSlate: Window 'Message Log' being destroyed
[2018.05.22-10.39.47:748][190]LogSlate: Window 'Message Log' being destroyed
[2018.05.22-10.39.48:452][223]LogSlate: FSceneViewport::OnFocusLost() reason 0
[2018.05.22-10.39.51:187][355]LogSlate: Took 0.000371 seconds to synchronously load lazily loaded font '../../../Engine/Content/Slate/Fonts/Roboto-Light.ttf' (167K)
[2018.05.22-10.39.51:384][355]LogLinker: Warning: Can't find file '/Game/1st_BuiltData'
[2018.05.22-10.39.51:384][355]LogLinker: Warning: Can't find file for asset '/Game/1st_BuiltData' while loading ../../../../../../Users/LAM Thierry/Documents/GitHub/MadTrain/MadTrain/Content/1st.umap.
[2018.05.22-10.39.51:384][355]LoadErrors: Error: /Game/1st : Can't find file for asset. /Game/1st_BuiltData
[2018.05.22-10.39.51:389][355]LogLinker: Warning: Can't find file '/Game/1st_BuiltData'
[2018.05.22-10.39.51:389][355]LogLinker: Warning: Can't find file for asset '/Game/1st_BuiltData' while loading ../../../../../../Users/LAM Thierry/Documents/GitHub/MadTrain/MadTrain/Content/1st.umap.
[2018.05.22-10.39.51:398][355]LogLinker: Warning: Can't find file '/Game/1st_BuiltData'
[2018.05.22-10.39.51:398][355]LoadErrors: Failed to load /Game/1st_BuiltData.1st_BuiltData Referenced by PersistentLevel
[2018.05.22-10.39.51:398][355]LogLinker: Warning: Can't find file for asset '/Game/1st_BuiltData' while loading NULL.
[2018.05.22-10.39.51:480][355]LogMaterial: Missing cached shader map for material M_Sky_Panning_Clouds2, compiling. 
[2018.05.22-10.39.51:543][355]LogAIModule: Creating AISystem for world 1st
[2018.05.22-10.39.51:578][355]Cmd: MAP LOAD FILE="../../../../../../Users/LAM Thierry/Documents/GitHub/MadTrain/MadTrain/Content/1st.umap" TEMPLATE=0 SHOWPROGRESS=1 FEATURELEVEL=3
[2018.05.22-10.39.51:578][355]LightingResults: New page: Lighting Build
[2018.05.22-10.39.51:580][355]LoadErrors: New page: Loading map: 1st.umap
[2018.05.22-10.39.51:581][355]MapCheck: New page: Map Check
[2018.05.22-10.39.51:581][355]LightingResults: New page: Lighting Build
[2018.05.22-10.39.51:611][355]LogEditorServer: Finished looking for orphan Actors (0.000 secs)
[2018.05.22-10.39.51:677][355]Cmd: MAP CHECKDEP NOCLEARLOG
[2018.05.22-10.39.51:775][355]MapCheck: Map check complete: 0 Error(s), 0 Warning(s), took 97,321ms to complete.
[2018.05.22-10.39.51:777][355]LogFileHelpers: Loading map '1st' took 0.201
[2018.05.22-10.39.52:964][407]LogShaderCompilers: Display: Shaders left to compile 3629
[2018.05.22-10.39.58:679][707]LogShaderCompilers: Display: Shaders left to compile 3619
[2018.05.22-10.40.01:307][844]LogShaderCompilers: Display: Shaders left to compile 3609
[2018.05.22-10.40.04:623][ 20]LogShaderCompilers: Display: Shaders left to compile 3599
[2018.05.22-10.40.09:190][268]LogShaderCompilers: Display: Shaders left to compile 3589
[2018.05.22-10.40.10:510][339]LogShaderCompilers: Display: Shaders left to compile 3579
[2018.05.22-10.40.15:857][618]LogShaderCompilers: Display: Shaders left to compile 3569
[2018.05.22-10.40.19:343][804]LogShaderCompilers: Display: Shaders left to compile 3559
[2018.05.22-10.40.22:123][957]LogShaderCompilers: Display: Shaders left to compile 3549
[2018.05.22-10.40.27:145][225]LogShaderCompilers: Display: Shaders left to compile 3539
[2018.05.22-10.40.27:459][243]LogShaderCompilers: Display: Shaders left to compile 3529
[2018.05.22-10.40.27:790][261]LogShaderCompilers: Display: Shaders left to compile 3519
[2018.05.22-10.40.31:611][465]LogShaderCompilers: Display: Shaders left to compile 3509
[2018.05.22-10.40.32:771][530]LogShaderCompilers: Display: Shaders left to compile 3499
[2018.05.22-10.40.34:803][642]LogShaderCompilers: Display: Shaders left to compile 3489
[2018.05.22-10.40.35:814][697]LogShaderCompilers: Display: Shaders left to compile 3479
[2018.05.22-10.40.36:517][736]LogShaderCompilers: Display: Shaders left to compile 3469
[2018.05.22-10.40.37:474][789]LogShaderCompilers: Display: Shaders left to compile 3459
[2018.05.22-10.40.40:308][942]LogShaderCompilers: Display: Shaders left to compile 3449
[2018.05.22-10.40.41:640][ 15]LogShaderCompilers: Display: Shaders left to compile 3439
[2018.05.22-10.40.42:186][ 44]LogShaderCompilers: Display: Shaders left to compile 3429
[2018.05.22-10.40.46:229][265]LogShaderCompilers: Display: Shaders left to compile 3419
[2018.05.22-10.40.46:862][300]LogShaderCompilers: Display: Shaders left to compile 3409
[2018.05.22-10.40.47:402][332]LogShaderCompilers: Display: Shaders left to compile 3399
[2018.05.22-10.40.49:342][440]LogShaderCompilers: Display: Shaders left to compile 3389
[2018.05.22-10.40.50:925][527]LogShaderCompilers: Display: Shaders left to compile 3379
[2018.05.22-10.40.51:866][578]LogShaderCompilers: Display: Shaders left to compile 3369
[2018.05.22-10.40.52:818][631]LogShaderCompilers: Display: Shaders left to compile 3359
[2018.05.22-10.40.55:492][779]LogShaderCompilers: Display: Shaders left to compile 3349
[2018.05.22-10.40.57:174][873]LogShaderCompilers: Display: Shaders left to compile 3339
[2018.05.22-10.40.58:812][965]LogShaderCompilers: Display: Shaders left to compile 3329
[2018.05.22-10.40.59:305][992]LogShaderCompilers: Display: Shaders left to compile 3319
[2018.05.22-10.41.00:958][ 84]LogShaderCompilers: Display: Shaders left to compile 3309
[2018.05.22-10.41.02:825][188]LogShaderCompilers: Display: Shaders left to compile 3299
[2018.05.22-10.41.02:964][196]LogShaderCompilers: Display: Shaders left to compile 3289
[2018.05.22-10.41.04:482][282]LogShaderCompilers: Display: Shaders left to compile 3279
[2018.05.22-10.41.05:901][362]LogShaderCompilers: Display: Shaders left to compile 3269
[2018.05.22-10.41.06:971][421]LogShaderCompilers: Display: Shaders left to compile 3259
[2018.05.22-10.41.08:692][519]LogShaderCompilers: Display: Shaders left to compile 3249
[2018.05.22-10.41.09:354][557]LogShaderCompilers: Display: Shaders left to compile 3239
[2018.05.22-10.41.10:784][638]LogShaderCompilers: Display: Shaders left to compile 3229
[2018.05.22-10.41.11:330][669]LogShaderCompilers: Display: Shaders left to compile 3219
[2018.05.22-10.41.11:544][681]LogShaderCompilers: Display: Shaders left to compile 3209
[2018.05.22-10.41.12:093][708]LogShaderCompilers: Display: Shaders left to compile 3199
[2018.05.22-10.41.14:966][869]LogShaderCompilers: Display: Shaders left to compile 3189
[2018.05.22-10.41.15:523][900]LogShaderCompilers: Display: Shaders left to compile 3179
[2018.05.22-10.41.16:142][935]LogShaderCompilers: Display: Shaders left to compile 3169
[2018.05.22-10.41.17:091][987]LogShaderCompilers: Display: Shaders left to compile 3159
[2018.05.22-10.41.19:718][134]LogShaderCompilers: Display: Shaders left to compile 3149
[2018.05.22-10.41.21:268][220]LogShaderCompilers: Display: Shaders left to compile 3139
[2018.05.22-10.41.21:714][244]LogShaderCompilers: Display: Shaders left to compile 3129
[2018.05.22-10.41.22:252][274]LogShaderCompilers: Display: Shaders left to compile 3119
[2018.05.22-10.41.24:420][394]LogShaderCompilers: Display: Shaders left to compile 3109
[2018.05.22-10.41.26:264][493]LogShaderCompilers: Display: Shaders left to compile 3099
[2018.05.22-10.41.27:287][549]LogShaderCompilers: Display: Shaders left to compile 3089
[2018.05.22-10.41.27:872][582]LogShaderCompilers: Display: Shaders left to compile 3079
[2018.05.22-10.41.29:784][689]LogShaderCompilers: Display: Shaders left to compile 3069
[2018.05.22-10.41.30:316][719]LogShaderCompilers: Display: Shaders left to compile 3059
[2018.05.22-10.41.31:920][807]LogShaderCompilers: Display: Shaders left to compile 3049
[2018.05.22-10.41.32:295][828]LogShaderCompilers: Display: Shaders left to compile 3039
[2018.05.22-10.41.33:315][885]LogShaderCompilers: Display: Shaders left to compile 3029
[2018.05.22-10.41.34:234][938]LogShaderCompilers: Display: Shaders left to compile 3019
[2018.05.22-10.41.35:416][  3]LogShaderCompilers: Display: Shaders left to compile 3009
[2018.05.22-10.41.37:218][102]LogShaderCompilers: Display: Shaders left to compile 2999
[2018.05.22-10.41.37:270][105]LogShaderCompilers: Display: Shaders left to compile 2989
[2018.05.22-10.41.40:326][276]LogShaderCompilers: Display: Shaders left to compile 2979
[2018.05.22-10.41.40:786][302]LogShaderCompilers: Display: Shaders left to compile 2969
[2018.05.22-10.41.41:129][321]LogShaderCompilers: Display: Shaders left to compile 2959
[2018.05.22-10.41.42:985][426]LogShaderCompilers: Display: Shaders left to compile 2949
[2018.05.22-10.41.44:278][498]LogShaderCompilers: Display: Shaders left to compile 2939
[2018.05.22-10.41.44:611][517]LogShaderCompilers: Display: Shaders left to compile 2929
[2018.05.22-10.41.48:909][756]LogShaderCompilers: Display: Shaders left to compile 2919
[2018.05.22-10.41.48:991][761]LogShaderCompilers: Display: Shaders left to compile 2909
[2018.05.22-10.41.49:265][777]LogShaderCompilers: Display: Shaders left to compile 2899
[2018.05.22-10.41.50:580][849]LogShaderCompilers: Display: Shaders left to compile 2889
[2018.05.22-10.41.53:625][ 20]LogShaderCompilers: Display: Shaders left to compile 2879
[2018.05.22-10.41.55:113][102]LogShaderCompilers: Display: Shaders left to compile 2869
[2018.05.22-10.41.56:225][164]LogShaderCompilers: Display: Shaders left to compile 2859
[2018.05.22-10.41.58:107][266]LogShaderCompilers: Display: Shaders left to compile 2849
[2018.05.22-10.41.59:776][359]LogShaderCompilers: Display: Shaders left to compile 2839
[2018.05.22-10.42.00:358][391]LogShaderCompilers: Display: Shaders left to compile 2829
[2018.05.22-10.42.01:911][477]LogShaderCompilers: Display: Shaders left to compile 2819
[2018.05.22-10.42.04:258][608]LogShaderCompilers: Display: Shaders left to compile 2809
[2018.05.22-10.42.04:853][641]LogShaderCompilers: Display: Shaders left to compile 2799
[2018.05.22-10.42.06:365][725]LogShaderCompilers: Display: Shaders left to compile 2789
[2018.05.22-10.42.07:167][769]LogShaderCompilers: Display: Shaders left to compile 2779
[2018.05.22-10.42.07:642][796]LogShaderCompilers: Display: Shaders left to compile 2769
[2018.05.22-10.42.10:308][945]LogShaderCompilers: Display: Shaders left to compile 2759
[2018.05.22-10.42.11:782][ 25]LogShaderCompilers: Display: Shaders left to compile 2749
[2018.05.22-10.42.11:934][ 34]LogShaderCompilers: Display: Shaders left to compile 2739
[2018.05.22-10.42.12:022][ 39]LogShaderCompilers: Display: Shaders left to compile 2729
[2018.05.22-10.42.14:752][191]LogShaderCompilers: Display: Shaders left to compile 2719
[2018.05.22-10.42.16:547][290]LogShaderCompilers: Display: Shaders left to compile 2709
[2018.05.22-10.42.16:619][294]LogShaderCompilers: Display: Shaders left to compile 2699
[2018.05.22-10.42.17:956][368]LogShaderCompilers: Display: Shaders left to compile 2689
[2018.05.22-10.42.19:935][480]LogShaderCompilers: Display: Shaders left to compile 2679
[2018.05.22-10.42.20:019][485]LogShaderCompilers: Display: Shaders left to compile 2669
[2018.05.22-10.42.21:668][578]LogShaderCompilers: Display: Shaders left to compile 2659
[2018.05.22-10.42.22:417][619]LogShaderCompilers: Display: Shaders left to compile 2649
[2018.05.22-10.42.25:215][772]LogShaderCompilers: Display: Shaders left to compile 2639
[2018.05.22-10.42.25:818][806]LogShaderCompilers: Display: Shaders left to compile 2629
[2018.05.22-10.42.27:643][907]LogShaderCompilers: Display: Shaders left to compile 2619
[2018.05.22-10.42.28:661][965]LogShaderCompilers: Display: Shaders left to compile 2609
[2018.05.22-10.42.29:098][989]LogShaderCompilers: Display: Shaders left to compile 2599
[2018.05.22-10.42.29:269][999]LogShaderCompilers: Display: Shaders left to compile 2589
[2018.05.22-10.42.32:525][178]LogShaderCompilers: Display: Shaders left to compile 2579
[2018.05.22-10.42.34:843][305]LogShaderCompilers: Display: Shaders left to compile 2569
[2018.05.22-10.42.35:139][321]LogShaderCompilers: Display: Shaders left to compile 2559
[2018.05.22-10.42.36:152][378]LogShaderCompilers: Display: Shaders left to compile 2549
[2018.05.22-10.42.36:876][417]LogShaderCompilers: Display: Shaders left to compile 2539
[2018.05.22-10.42.39:475][559]LogShaderCompilers: Display: Shaders left to compile 2529
[2018.05.22-10.42.40:925][640]LogShaderCompilers: Display: Shaders left to compile 2519
[2018.05.22-10.42.42:344][719]LogShaderCompilers: Display: Shaders left to compile 2509
[2018.05.22-10.42.42:999][755]LogShaderCompilers: Display: Shaders left to compile 2499
[2018.05.22-10.42.44:213][823]LogShaderCompilers: Display: Shaders left to compile 2489
[2018.05.22-10.42.45:174][867]LogShaderCompilers: Display: Shaders left to compile 2479
[2018.05.22-10.42.47:585][  2]LogShaderCompilers: Display: Shaders left to compile 2469
[2018.05.22-10.42.48:340][ 44]LogShaderCompilers: Display: Shaders left to compile 2459
[2018.05.22-10.42.48:444][ 50]LogShaderCompilers: Display: Shaders left to compile 2449
[2018.05.22-10.42.49:329][100]LogShaderCompilers: Display: Shaders left to compile 2439
[2018.05.22-10.42.50:660][175]LogShaderCompilers: Display: Shaders left to compile 2429
[2018.05.22-10.42.52:620][283]LogShaderCompilers: Display: Shaders left to compile 2419
[2018.05.22-10.42.53:911][356]LogShaderCompilers: Display: Shaders left to compile 2409
[2018.05.22-10.42.55:418][439]LogShaderCompilers: Display: Shaders left to compile 2399
[2018.05.22-10.42.57:999][583]LogShaderCompilers: Display: Shaders left to compile 2389
[2018.05.22-10.42.58:050][586]LogShaderCompilers: Display: Shaders left to compile 2379
[2018.05.22-10.42.58:276][599]LogShaderCompilers: Display: Shaders left to compile 2369
[2018.05.22-10.43.00:257][709]LogShaderCompilers: Display: Shaders left to compile 2359
[2018.05.22-10.43.02:653][844]LogShaderCompilers: Display: Shaders left to compile 2349
[2018.05.22-10.43.03:038][865]LogShaderCompilers: Display: Shaders left to compile 2339
[2018.05.22-10.43.03:586][896]LogShaderCompilers: Display: Shaders left to compile 2329
[2018.05.22-10.43.05:256][992]LogShaderCompilers: Display: Shaders left to compile 2319
[2018.05.22-10.43.06:328][ 53]LogShaderCompilers: Display: Shaders left to compile 2309
[2018.05.22-10.43.07:046][ 93]LogShaderCompilers: Display: Shaders left to compile 2299
[2018.05.22-10.43.07:747][132]LogShaderCompilers: Display: Shaders left to compile 2289
[2018.05.22-10.43.08:042][148]LogShaderCompilers: Display: Shaders left to compile 2279
[2018.05.22-10.43.09:205][212]LogShaderCompilers: Display: Shaders left to compile 2269
[2018.05.22-10.43.11:547][343]LogShaderCompilers: Display: Shaders left to compile 2259
[2018.05.22-10.43.12:228][381]LogShaderCompilers: Display: Shaders left to compile 2249
[2018.05.22-10.43.13:734][463]LogShaderCompilers: Display: Shaders left to compile 2239
[2018.05.22-10.43.14:237][491]LogShaderCompilers: Display: Shaders left to compile 2229
[2018.05.22-10.43.16:730][631]LogShaderCompilers: Display: Shaders left to compile 2219
[2018.05.22-10.43.17:961][699]LogShaderCompilers: Display: Shaders left to compile 2209
[2018.05.22-10.43.19:383][777]LogShaderCompilers: Display: Shaders left to compile 2199
[2018.05.22-10.43.20:196][822]LogShaderCompilers: Display: Shaders left to compile 2189
[2018.05.22-10.43.20:900][862]LogShaderCompilers: Display: Shaders left to compile 2179
[2018.05.22-10.43.22:359][943]LogShaderCompilers: Display: Shaders left to compile 2169
[2018.05.22-10.43.24:978][ 87]LogShaderCompilers: Display: Shaders left to compile 2159
[2018.05.22-10.43.25:031][ 90]LogShaderCompilers: Display: Shaders left to compile 2149
[2018.05.22-10.43.25:722][129]LogShaderCompilers: Display: Shaders left to compile 2139
[2018.05.22-10.43.27:422][223]LogShaderCompilers: Display: Shaders left to compile 2129
[2018.05.22-10.43.27:873][248]LogShaderCompilers: Display: Shaders left to compile 2119
[2018.05.22-10.43.29:855][359]LogShaderCompilers: Display: Shaders left to compile 2109
[2018.05.22-10.43.30:872][414]LogShaderCompilers: Display: Shaders left to compile 2099
[2018.05.22-10.43.30:892][415]LogShaderCompilers: Display: Shaders left to compile 2089
[2018.05.22-10.43.31:567][453]LogShaderCompilers: Display: Shaders left to compile 2079
[2018.05.22-10.43.32:724][517]LogShaderCompilers: Display: Shaders left to compile 2069
[2018.05.22-10.43.35:823][687]LogShaderCompilers: Display: Shaders left to compile 2059
[2018.05.22-10.43.36:690][736]LogShaderCompilers: Display: Shaders left to compile 2049
[2018.05.22-10.43.36:859][745]LogShaderCompilers: Display: Shaders left to compile 2039
[2018.05.22-10.43.38:286][824]LogShaderCompilers: Display: Shaders left to compile 2029
[2018.05.22-10.43.39:937][915]LogShaderCompilers: Display: Shaders left to compile 2019
[2018.05.22-10.43.40:110][925]LogShaderCompilers: Display: Shaders left to compile 2009
[2018.05.22-10.43.42:862][ 76]LogShaderCompilers: Display: Shaders left to compile 1999
[2018.05.22-10.43.43:524][113]LogShaderCompilers: Display: Shaders left to compile 1989
[2018.05.22-10.43.46:408][273]LogShaderCompilers: Display: Shaders left to compile 1979
[2018.05.22-10.43.47:127][312]LogShaderCompilers: Display: Shaders left to compile 1969
[2018.05.22-10.43.47:807][350]LogShaderCompilers: Display: Shaders left to compile 1959
[2018.05.22-10.43.51:586][561]LogShaderCompilers: Display: Shaders left to compile 1949
[2018.05.22-10.43.51:657][565]LogShaderCompilers: Display: Shaders left to compile 1939
[2018.05.22-10.43.53:336][657]LogShaderCompilers: Display: Shaders left to compile 1929
[2018.05.22-10.43.54:045][696]LogShaderCompilers: Display: Shaders left to compile 1919
[2018.05.22-10.43.56:603][838]LogShaderCompilers: Display: Shaders left to compile 1909
[2018.05.22-10.43.58:316][928]LogShaderCompilers: Display: Shaders left to compile 1899
[2018.05.22-10.43.59:152][971]LogShaderCompilers: Display: Shaders left to compile 1889
[2018.05.22-10.44.00:923][ 70]LogShaderCompilers: Display: Shaders left to compile 1879
[2018.05.22-10.44.02:138][137]LogShaderCompilers: Display: Shaders left to compile 1869
[2018.05.22-10.44.03:069][188]LogShaderCompilers: Display: Shaders left to compile 1859
[2018.05.22-10.44.04:605][272]LogShaderCompilers: Display: Shaders left to compile 1849
[2018.05.22-10.44.06:269][366]LogShaderCompilers: Display: Shaders left to compile 1839
[2018.05.22-10.44.06:475][377]LogShaderCompilers: Display: Shaders left to compile 1829
[2018.05.22-10.44.08:231][474]LogShaderCompilers: Display: Shaders left to compile 1819
[2018.05.22-10.44.09:820][562]LogShaderCompilers: Display: Shaders left to compile 1809
[2018.05.22-10.44.11:043][630]LogShaderCompilers: Display: Shaders left to compile 1799
[2018.05.22-10.44.12:227][695]LogShaderCompilers: Display: Shaders left to compile 1789
[2018.05.22-10.44.13:113][744]LogShaderCompilers: Display: Shaders left to compile 1779
[2018.05.22-10.44.13:705][777]LogShaderCompilers: Display: Shaders left to compile 1769
[2018.05.22-10.44.16:171][916]LogShaderCompilers: Display: Shaders left to compile 1759
[2018.05.22-10.44.17:482][990]LogShaderCompilers: Display: Shaders left to compile 1749
[2018.05.22-10.44.17:839][ 10]LogShaderCompilers: Display: Shaders left to compile 1739
[2018.05.22-10.44.17:859][ 11]LogShaderCompilers: Display: Shaders left to compile 1729
[2018.05.22-10.44.19:729][115]LogShaderCompilers: Display: Shaders left to compile 1719
[2018.05.22-10.44.23:161][304]LogShaderCompilers: Display: Shaders left to compile 1709
[2018.05.22-10.44.23:280][311]LogShaderCompilers: Display: Shaders left to compile 1699
[2018.05.22-10.44.24:807][396]LogShaderCompilers: Display: Shaders left to compile 1689
[2018.05.22-10.44.25:775][450]LogShaderCompilers: Display: Shaders left to compile 1679
[2018.05.22-10.44.26:874][511]LogShaderCompilers: Display: Shaders left to compile 1669
[2018.05.22-10.44.28:194][583]LogShaderCompilers: Display: Shaders left to compile 1659
[2018.05.22-10.44.30:265][699]LogShaderCompilers: Display: Shaders left to compile 1649
[2018.05.22-10.44.31:455][764]LogShaderCompilers: Display: Shaders left to compile 1639
[2018.05.22-10.44.33:062][853]LogShaderCompilers: Display: Shaders left to compile 1629
[2018.05.22-10.44.33:694][888]LogShaderCompilers: Display: Shaders left to compile 1619
[2018.05.22-10.44.34:036][907]LogShaderCompilers: Display: Shaders left to compile 1609
[2018.05.22-10.44.37:857][117]LogShaderCompilers: Display: Shaders left to compile 1599
[2018.05.22-10.44.38:902][174]LogShaderCompilers: Display: Shaders left to compile 1589
[2018.05.22-10.44.39:700][218]LogShaderCompilers: Display: Shaders left to compile 1579
[2018.05.22-10.44.40:716][273]LogShaderCompilers: Display: Shaders left to compile 1569
[2018.05.22-10.44.41:393][310]LogShaderCompilers: Display: Shaders left to compile 1559
[2018.05.22-10.44.41:824][325]LogShaderCompilers: Display: Shaders left to compile 1549
[2018.05.22-10.44.44:722][486]LogShaderCompilers: Display: Shaders left to compile 1539
[2018.05.22-10.44.45:588][534]LogShaderCompilers: Display: Shaders left to compile 1529
[2018.05.22-10.44.45:853][549]LogShaderCompilers: Display: Shaders left to compile 1519
[2018.05.22-10.44.45:869][550]LogShaderCompilers: Display: Shaders left to compile 1509
[2018.05.22-10.44.49:759][768]LogShaderCompilers: Display: Shaders left to compile 1499
[2018.05.22-10.44.50:999][836]LogShaderCompilers: Display: Shaders left to compile 1489
[2018.05.22-10.44.51:088][841]LogShaderCompilers: Display: Shaders left to compile 1479
[2018.05.22-10.44.52:843][940]LogShaderCompilers: Display: Shaders left to compile 1469
[2018.05.22-10.44.53:595][983]LogShaderCompilers: Display: Shaders left to compile 1459
[2018.05.22-10.44.55:351][ 79]LogShaderCompilers: Display: Shaders left to compile 1449
[2018.05.22-10.44.57:866][217]LogShaderCompilers: Display: Shaders left to compile 1439
[2018.05.22-10.44.57:969][223]LogShaderCompilers: Display: Shaders left to compile 1429
[2018.05.22-10.44.58:328][243]LogShaderCompilers: Display: Shaders left to compile 1419
[2018.05.22-10.45.00:727][375]LogShaderCompilers: Display: Shaders left to compile 1409
[2018.05.22-10.45.00:758][377]LogShaderCompilers: Display: Shaders left to compile 1399
[2018.05.22-10.45.03:279][518]LogShaderCompilers: Display: Shaders left to compile 1389
[2018.05.22-10.45.03:313][520]LogShaderCompilers: Display: Shaders left to compile 1379
[2018.05.22-10.45.03:362][523]LogShaderCompilers: Display: Shaders left to compile 1369
[2018.05.22-10.45.04:832][604]LogShaderCompilers: Display: Shaders left to compile 1359
[2018.05.22-10.45.06:393][691]LogShaderCompilers: Display: Shaders left to compile 1349
[2018.05.22-10.45.08:591][812]LogShaderCompilers: Display: Shaders left to compile 1339
[2018.05.22-10.45.09:697][874]LogShaderCompilers: Display: Shaders left to compile 1329
[2018.05.22-10.45.10:483][915]LogShaderCompilers: Display: Shaders left to compile 1319
[2018.05.22-10.45.11:346][963]LogShaderCompilers: Display: Shaders left to compile 1309
[2018.05.22-10.45.12:180][  9]LogShaderCompilers: Display: Shaders left to compile 1299
[2018.05.22-10.45.13:860][100]LogShaderCompilers: Display: Shaders left to compile 1289
[2018.05.22-10.45.15:663][199]LogShaderCompilers: Display: Shaders left to compile 1279
[2018.05.22-10.45.17:838][321]LogShaderCompilers: Display: Shaders left to compile 1269
[2018.05.22-10.45.19:404][410]LogShaderCompilers: Display: Shaders left to compile 1259
[2018.05.22-10.45.19:759][430]LogShaderCompilers: Display: Shaders left to compile 1249
[2018.05.22-10.45.20:504][472]LogShaderCompilers: Display: Shaders left to compile 1239
[2018.05.22-10.45.23:467][637]LogShaderCompilers: Display: Shaders left to compile 1229
[2018.05.22-10.45.25:037][726]LogShaderCompilers: Display: Shaders left to compile 1219
[2018.05.22-10.45.25:994][779]LogShaderCompilers: Display: Shaders left to compile 1209
[2018.05.22-10.45.28:335][908]LogShaderCompilers: Display: Shaders left to compile 1199
[2018.05.22-10.45.29:164][955]LogShaderCompilers: Display: Shaders left to compile 1189
[2018.05.22-10.45.32:090][117]LogShaderCompilers: Display: Shaders left to compile 1179
[2018.05.22-10.45.32:168][121]LogShaderCompilers: Display: Shaders left to compile 1169
[2018.05.22-10.45.32:537][142]LogShaderCompilers: Display: Shaders left to compile 1159
[2018.05.22-10.45.35:040][282]LogShaderCompilers: Display: Shaders left to compile 1149
[2018.05.22-10.45.37:205][401]LogShaderCompilers: Display: Shaders left to compile 1139
[2018.05.22-10.45.37:260][404]LogShaderCompilers: Display: Shaders left to compile 1129
[2018.05.22-10.45.37:521][419]LogShaderCompilers: Display: Shaders left to compile 1119
[2018.05.22-10.45.40:478][585]LogShaderCompilers: Display: Shaders left to compile 1109
[2018.05.22-10.45.41:681][651]LogShaderCompilers: Display: Shaders left to compile 1099
[2018.05.22-10.45.42:416][692]LogShaderCompilers: Display: Shaders left to compile 1089
[2018.05.22-10.45.43:028][725]LogShaderCompilers: Display: Shaders left to compile 1079
[2018.05.22-10.45.44:748][822]LogShaderCompilers: Display: Shaders left to compile 1069
[2018.05.22-10.45.45:651][871]LogShaderCompilers: Display: Shaders left to compile 1059
[2018.05.22-10.45.48:543][ 32]LogShaderCompilers: Display: Shaders left to compile 1049
[2018.05.22-10.45.48:646][ 38]LogShaderCompilers: Display: Shaders left to compile 1039
[2018.05.22-10.45.48:748][ 44]LogShaderCompilers: Display: Shaders left to compile 1029
[2018.05.22-10.45.51:811][217]LogShaderCompilers: Display: Shaders left to compile 1019
[2018.05.22-10.45.52:013][229]LogShaderCompilers: Display: Shaders left to compile 1009
[2018.05.22-10.45.52:180][238]LogShaderCompilers: Display: Shaders left to compile 999
[2018.05.22-10.45.55:279][410]LogShaderCompilers: Display: Shaders left to compile 989
[2018.05.22-10.45.55:691][434]LogShaderCompilers: Display: Shaders left to compile 979
[2018.05.22-10.45.57:945][561]LogShaderCompilers: Display: Shaders left to compile 969
[2018.05.22-10.45.58:972][617]LogShaderCompilers: Display: Shaders left to compile 959
[2018.05.22-10.45.59:507][646]LogShaderCompilers: Display: Shaders left to compile 949
[2018.05.22-10.45.59:882][668]LogShaderCompilers: Display: Shaders left to compile 939
[2018.05.22-10.46.03:140][849]LogShaderCompilers: Display: Shaders left to compile 929
[2018.05.22-10.46.03:939][894]LogShaderCompilers: Display: Shaders left to compile 919
[2018.05.22-10.46.06:378][ 29]LogShaderCompilers: Display: Shaders left to compile 909
[2018.05.22-10.46.06:633][ 43]LogShaderCompilers: Display: Shaders left to compile 899
[2018.05.22-10.46.07:213][ 74]LogShaderCompilers: Display: Shaders left to compile 889
[2018.05.22-10.46.10:238][242]LogShaderCompilers: Display: Shaders left to compile 879
[2018.05.22-10.46.11:054][288]LogShaderCompilers: Display: Shaders left to compile 869
[2018.05.22-10.46.13:392][420]LogShaderCompilers: Display: Shaders left to compile 859
[2018.05.22-10.46.13:866][447]LogShaderCompilers: Display: Shaders left to compile 849
[2018.05.22-10.46.14:741][495]LogShaderCompilers: Display: Shaders left to compile 839
[2018.05.22-10.46.15:276][515]LogShaderCompilers: Display: Shaders left to compile 829
[2018.05.22-10.46.18:331][687]LogShaderCompilers: Display: Shaders left to compile 819
[2018.05.22-10.46.18:487][696]LogShaderCompilers: Display: Shaders left to compile 809
[2018.05.22-10.46.18:830][714]LogShaderCompilers: Display: Shaders left to compile 799
[2018.05.22-10.46.19:590][757]LogShaderCompilers: Display: Shaders left to compile 789
[2018.05.22-10.46.21:929][888]LogShaderCompilers: Display: Shaders left to compile 779
[2018.05.22-10.46.22:483][919]LogShaderCompilers: Display: Shaders left to compile 769
[2018.05.22-10.46.24:470][ 30]LogShaderCompilers: Display: Shaders left to compile 759
[2018.05.22-10.46.26:884][166]LogShaderCompilers: Display: Shaders left to compile 749
[2018.05.22-10.46.27:956][226]LogShaderCompilers: Display: Shaders left to compile 739
[2018.05.22-10.46.28:705][268]LogShaderCompilers: Display: Shaders left to compile 729
[2018.05.22-10.46.29:081][289]LogShaderCompilers: Display: Shaders left to compile 719
[2018.05.22-10.46.32:212][466]LogShaderCompilers: Display: Shaders left to compile 709
[2018.05.22-10.46.32:568][486]LogShaderCompilers: Display: Shaders left to compile 699
[2018.05.22-10.46.32:836][500]LogShaderCompilers: Display: Shaders left to compile 689
[2018.05.22-10.46.33:970][565]LogShaderCompilers: Display: Shaders left to compile 679
[2018.05.22-10.46.36:827][727]LogShaderCompilers: Display: Shaders left to compile 669
[2018.05.22-10.46.37:107][743]LogShaderCompilers: Display: Shaders left to compile 659
[2018.05.22-10.46.37:378][759]LogShaderCompilers: Display: Shaders left to compile 649
[2018.05.22-10.46.37:431][762]LogShaderCompilers: Display: Shaders left to compile 639
[2018.05.22-10.46.41:327][977]LogShaderCompilers: Display: Shaders left to compile 629
[2018.05.22-10.46.41:342][978]LogShaderCompilers: Display: Shaders left to compile 619
[2018.05.22-10.46.44:307][142]LogShaderCompilers: Display: Shaders left to compile 609
[2018.05.22-10.46.44:764][167]LogShaderCompilers: Display: Shaders left to compile 599
[2018.05.22-10.46.46:592][269]LogShaderCompilers: Display: Shaders left to compile 589
[2018.05.22-10.46.47:646][328]LogShaderCompilers: Display: Shaders left to compile 579
[2018.05.22-10.46.48:245][361]LogShaderCompilers: Display: Shaders left to compile 569
[2018.05.22-10.46.52:260][585]LogShaderCompilers: Display: Shaders left to compile 559
[2018.05.22-10.46.52:492][598]LogShaderCompilers: Display: Shaders left to compile 549
[2018.05.22-10.46.54:324][698]LogShaderCompilers: Display: Shaders left to compile 539
[2018.05.22-10.46.54:835][724]LogShaderCompilers: Display: Shaders left to compile 529
[2018.05.22-10.46.56:304][806]LogShaderCompilers: Display: Shaders left to compile 519
[2018.05.22-10.46.57:341][864]LogShaderCompilers: Display: Shaders left to compile 509
[2018.05.22-10.46.58:959][954]LogShaderCompilers: Display: Shaders left to compile 499
[2018.05.22-10.46.59:367][976]LogShaderCompilers: Display: Shaders left to compile 489
[2018.05.22-10.47.00:989][ 67]LogShaderCompilers: Display: Shaders left to compile 479
[2018.05.22-10.47.02:243][137]LogShaderCompilers: Display: Shaders left to compile 469
[2018.05.22-10.47.02:618][158]LogShaderCompilers: Display: Shaders left to compile 459
[2018.05.22-10.47.04:008][234]LogShaderCompilers: Display: Shaders left to compile 449
[2018.05.22-10.47.04:270][248]LogShaderCompilers: Display: Shaders left to compile 439
[2018.05.22-10.47.06:891][394]LogShaderCompilers: Display: Shaders left to compile 429
[2018.05.22-10.47.08:549][483]LogShaderCompilers: Display: Shaders left to compile 419
[2018.05.22-10.47.09:683][546]LogShaderCompilers: Display: Shaders left to compile 409
[2018.05.22-10.47.11:168][629]LogShaderCompilers: Display: Shaders left to compile 399
[2018.05.22-10.47.11:733][659]LogShaderCompilers: Display: Shaders left to compile 389
[2018.05.22-10.47.12:274][688]LogShaderCompilers: Display: Shaders left to compile 379
[2018.05.22-10.47.14:963][836]LogShaderCompilers: Display: Shaders left to compile 369
[2018.05.22-10.47.16:078][897]LogShaderCompilers: Display: Shaders left to compile 359
[2018.05.22-10.47.16:987][947]LogShaderCompilers: Display: Shaders left to compile 349
[2018.05.22-10.47.17:083][952]LogShaderCompilers: Display: Shaders left to compile 339
[2018.05.22-10.47.22:148][228]LogShaderCompilers: Display: Shaders left to compile 329
[2018.05.22-10.47.22:166][229]LogShaderCompilers: Display: Shaders left to compile 319
[2018.05.22-10.47.23:387][297]LogShaderCompilers: Display: Shaders left to compile 309
[2018.05.22-10.47.23:408][298]LogShaderCompilers: Display: Shaders left to compile 299
[2018.05.22-10.47.27:665][531]LogShaderCompilers: Display: Shaders left to compile 289
[2018.05.22-10.47.28:424][573]LogShaderCompilers: Display: Shaders left to compile 279
[2018.05.22-10.47.28:748][590]LogShaderCompilers: Display: Shaders left to compile 269
[2018.05.22-10.47.30:807][704]LogShaderCompilers: Display: Shaders left to compile 259
[2018.05.22-10.47.32:442][796]LogShaderCompilers: Display: Shaders left to compile 249
[2018.05.22-10.47.32:945][824]LogShaderCompilers: Display: Shaders left to compile 239
[2018.05.22-10.47.34:075][886]LogShaderCompilers: Display: Shaders left to compile 229
[2018.05.22-10.47.34:898][932]LogShaderCompilers: Display: Shaders left to compile 219
[2018.05.22-10.47.37:103][ 56]LogShaderCompilers: Display: Shaders left to compile 209
[2018.05.22-10.47.37:912][102]LogShaderCompilers: Display: Shaders left to compile 199
[2018.05.22-10.47.38:040][109]LogShaderCompilers: Display: Shaders left to compile 189
[2018.05.22-10.47.38:410][130]LogShaderCompilers: Display: Shaders left to compile 179
[2018.05.22-10.47.40:609][251]LogShaderCompilers: Display: Shaders left to compile 169
[2018.05.22-10.47.42:156][337]LogShaderCompilers: Display: Shaders left to compile 159
[2018.05.22-10.47.42:939][381]LogShaderCompilers: Display: Shaders left to compile 149
[2018.05.22-10.47.43:426][408]LogShaderCompilers: Display: Shaders left to compile 139
[2018.05.22-10.47.45:472][523]LogShaderCompilers: Display: Shaders left to compile 129
[2018.05.22-10.47.46:350][571]LogShaderCompilers: Display: Shaders left to compile 119
[2018.05.22-10.47.47:290][624]LogShaderCompilers: Display: Shaders left to compile 109
[2018.05.22-10.47.47:751][649]LogShaderCompilers: Display: Shaders left to compile 99
[2018.05.22-10.47.50:465][801]LogShaderCompilers: Display: Shaders left to compile 89
[2018.05.22-10.47.50:709][814]LogShaderCompilers: Display: Shaders left to compile 79
[2018.05.22-10.47.51:587][856]LogShaderCompilers: Display: Shaders left to compile 69
[2018.05.22-10.47.52:110][881]LogShaderCompilers: Display: Shaders left to compile 59
[2018.05.22-10.47.54:956][ 35]LogShaderCompilers: Display: Shaders left to compile 49
[2018.05.22-10.47.55:199][ 48]LogShaderCompilers: Display: Shaders left to compile 39
[2018.05.22-10.47.56:505][118]LogShaderCompilers: Display: Shaders left to compile 29
[2018.05.22-10.47.57:015][143]LogShaderCompilers: Display: Shaders left to compile 19
[2018.05.22-10.48.00:759][349]LogShaderCompilers: Display: Shaders left to compile 9
[2018.05.22-11.03.44:915][588]LogSlate: FSceneViewport::OnFocusLost() reason 0
